<?xml version="1.0" encoding="UTF-8"?>
<testsuite name="ru.nsu.mbogdanov2.StackTests" tests="4" skipped="0" failures="0" errors="0" timestamp="2022-10-12T15:54:43" hostname="LAPTOP-E3RAOUQ0" time="0.038">
  <properties/>
  <testcase name="randomElementsTest()" classname="ru.nsu.mbogdanov2.StackTests" time="0.034"/>
  <testcase name="countStackTest()" classname="ru.nsu.mbogdanov2.StackTests" time="0.0"/>
  <testcase name="pushStackTest()" classname="ru.nsu.mbogdanov2.StackTests" time="0.001"/>
  <testcase name="popTest()" classname="ru.nsu.mbogdanov2.StackTests" time="0.001"/>
  <system-out><![CDATA[]]></system-out>
  <system-err><![CDATA[]]></system-err>
</testsuite>
