<?xml version="1.0" encoding="UTF-8"?>
<testsuite name="StackTests" tests="3" skipped="0" failures="0" errors="0" timestamp="2022-09-20T05:03:21" hostname="LAPTOP-E3RAOUQ0" time="0.032">
  <properties/>
  <testcase name="thirdTest()" classname="StackTests" time="0.03"/>
  <testcase name="firstTest()" classname="StackTests" time="0.0"/>
  <testcase name="secondTest()" classname="StackTests" time="0.0"/>
  <system-out><![CDATA[]]></system-out>
  <system-err><![CDATA[]]></system-err>
</testsuite>
