<?xml version="1.0" encoding="UTF-8"?>
<testsuite name="ru.nsu.mbogdanov2.NoteBookTests" tests="3" skipped="0" failures="0" errors="0" timestamp="2022-12-28T04:32:10" hostname="LAPTOP-E3RAOUQ0" time="0.206">
  <properties/>
  <testcase name="remoteNoteTest()" classname="ru.nsu.mbogdanov2.NoteBookTests" time="0.183"/>
  <testcase name="remoteNoteExceptionTest()" classname="ru.nsu.mbogdanov2.NoteBookTests" time="0.014"/>
  <testcase name="addNoteTest()" classname="ru.nsu.mbogdanov2.NoteBookTests" time="0.007"/>
  <system-out><![CDATA[No note with this title
]]></system-out>
  <system-err><![CDATA[]]></system-err>
</testsuite>
