<?xml version="1.0" encoding="UTF-8"?>
<testsuite name="ru.nsu.mbogdanov2.CourierTests" tests="3" skipped="0" failures="0" errors="0" timestamp="2023-03-13T16:54:21" hostname="LAPTOP-E3RAOUQ0" time="4.659">
  <properties/>
  <testcase name="couriers()" classname="ru.nsu.mbogdanov2.CourierTests" time="1.003"/>
  <testcase name="work()" classname="ru.nsu.mbogdanov2.CourierTests" time="2.71"/>
  <testcase name="usageTest()" classname="ru.nsu.mbogdanov2.CourierTests" time="0.946"/>
  <system-out><![CDATA[[Order with id: 6], [delivering]
[Order with id: 5], [delivering]
[Order with id: 4], [delivering]
[Order with id: 0], [delivering]
[Order with id: 3], [delivering]
[Order with id: 2], [delivering]
[Order with id: 1], [delivering]
[Order with id: 6], [delivered]
[Order with id: 5], [delivered]
[Order with id: 4], [delivered]
[Order with id: 3], [delivered]
[Order with id: 2], [delivered]
[Order with id: 1], [delivered]
[Order with id: 0], [delivered]
[Order with id: 13], [delivering]
[Order with id: 12], [delivering]
[Order with id: 11], [delivering]
[Order with id: 13], [delivered]
[Order with id: 12], [delivered]
[Order with id: 11], [delivered]
[Order with id: 10], [delivering]
[Order with id: 9], [delivering]
[Order with id: 8], [delivering]
[Order with id: 10], [delivered]
[Order with id: 9], [delivered]
[Order with id: 8], [delivered]
[Order with id: 7], [delivering]
[Order with id: 6], [delivering]
[Order with id: 5], [delivering]
[Order with id: 7], [delivered]
[Order with id: 6], [delivered]
[Order with id: 5], [delivered]
[Order with id: 4], [delivering]
[Order with id: 3], [delivering]
[Order with id: 2], [delivering]
[Order with id: 4], [delivered]
[Order with id: 3], [delivered]
[Order with id: 2], [delivered]
[Order with id: 1], [delivering]
[Order with id: 0], [delivering]
[Order with id: 1], [delivered]
[Order with id: 0], [delivered]
[Order with id: 3], [delivering]
[Order with id: 2], [delivering]
[Order with id: 1], [delivering]
[Order with id: 3], [delivered]
[Order with id: 2], [delivered]
[Order with id: 1], [delivered]
[Order with id: 0], [delivering]
[Order with id: 0], [delivered]
]]></system-out>
  <system-err><![CDATA[]]></system-err>
</testsuite>
