<?xml version="1.0" encoding="UTF-8"?>
<testsuite name="ru.nsu.mbogdanov2.CustomerTests" tests="1" skipped="0" failures="0" errors="0" timestamp="2023-03-13T16:54:26" hostname="LAPTOP-E3RAOUQ0" time="2.037">
  <properties/>
  <testcase name="customers()" classname="ru.nsu.mbogdanov2.CustomerTests" time="2.037"/>
  <system-out><![CDATA[[Order with id: 0], [in queue]
[Order with id: 1], [in queue]
[Order with id: 2], [in queue]
[Order with id: 3], [in queue]
[Order with id: 4], [in queue]
[Order with id: 5], [in queue]
[Order with id: 6], [in queue]
[Order with id: 7], [in queue]
[Order with id: 8], [in queue]
[Order with id: 9], [in queue]
[Order with id: 10], [in queue]
[Order with id: 11], [in queue]
[Order with id: 12], [in queue]
[Order with id: 13], [in queue]
[Order with id: 14], [in queue]
[Order with id: 15], [in queue]
[Order with id: 16], [in queue]
[Order with id: 17], [in queue]
[Order with id: 18], [in queue]
[Order with id: 19], [in queue]
[Order with id: 20], [in queue]
[Order with id: 21], [in queue]
[Order with id: 22], [in queue]
[Order with id: 23], [in queue]
[Order with id: 24], [in queue]
[Order with id: 25], [in queue]
[Order with id: 26], [in queue]
[Order with id: 27], [in queue]
[Order with id: 28], [in queue]
[Order with id: 29], [in queue]
[Order with id: 30], [in queue]
[Order with id: 31], [in queue]
[Order with id: 32], [in queue]
[Order with id: 33], [in queue]
[Order with id: 34], [in queue]
[Order with id: 35], [in queue]
[Order with id: 36], [in queue]
[Order with id: 37], [in queue]
[Order with id: 38], [in queue]
[Order with id: 39], [in queue]
]]></system-out>
  <system-err><![CDATA[]]></system-err>
</testsuite>
