<?xml version="1.0" encoding="UTF-8"?>
<testsuite name="ru.nsu.mbogdanov2.BakerTests" tests="4" skipped="0" failures="0" errors="0" timestamp="2023-03-13T16:53:59" hostname="LAPTOP-E3RAOUQ0" time="22.605">
  <properties/>
  <testcase name="bakers()" classname="ru.nsu.mbogdanov2.BakerTests" time="0.124"/>
  <testcase name="produce()" classname="ru.nsu.mbogdanov2.BakerTests" time="1.731"/>
  <testcase name="work()" classname="ru.nsu.mbogdanov2.BakerTests" time="20.745"/>
  <testcase name="usageTest()" classname="ru.nsu.mbogdanov2.BakerTests" time="0.001"/>
  <system-out><![CDATA[[Order with id: 6], [cooking]
[Order with id: 4], [cooking]
[Order with id: 5], [cooking]
[Order with id: 4], [in stock]
[Order with id: 3], [cooking]
[Order with id: 6], [in stock]
[Order with id: 5], [in stock]
[Order with id: 1], [cooking]
[Order with id: 2], [cooking]
[Order with id: 1], [in stock]
[Order with id: 0], [cooking]
[Order with id: 3], [in stock]
[Order with id: 0], [in stock]
[Order with id: 2], [in stock]
[Order with id: 0], [in stock]
[Order with id: 1], [in stock]
[Order with id: 2], [in stock]
[Order with id: 3], [in stock]
[Order with id: 4], [in stock]
[Order with id: 5], [in stock]
[Order with id: 6], [in stock]
[Order with id: 7], [in stock]
[Order with id: 7], [cooking]
[Order with id: 7], [in stock]
[Order with id: 6], [cooking]
[Order with id: 6], [in stock]
[Order with id: 5], [cooking]
[Order with id: 5], [in stock]
[Order with id: 4], [cooking]
[Order with id: 4], [in stock]
[Order with id: 3], [cooking]
[Order with id: 3], [in stock]
[Order with id: 2], [cooking]
[Order with id: 2], [in stock]
[Order with id: 1], [cooking]
[Order with id: 1], [in stock]
[Order with id: 0], [cooking]
[Order with id: 0], [in stock]
[Order with id: 7], [cooking]
[Order with id: 6], [cooking]
[Order with id: 5], [cooking]
[Order with id: 4], [cooking]
[Order with id: 3], [cooking]
[Order with id: 2], [cooking]
[Order with id: 1], [cooking]
[Order with id: 0], [cooking]
]]></system-out>
  <system-err><![CDATA[]]></system-err>
</testsuite>
